2025-09-15 11:56:38,204 - ERROR - An unexpected error occurred: 'Namespace' object has no attribute 'sport_id'
Traceback (most recent call last):
  File "D:\Scraping\1xbetScraping\live_updater.py", line 112, in <module>
    if args.sport_id:
AttributeError: 'Namespace' object has no attribute 'sport_id'
2025-09-15 11:56:38,204 - INFO - Waiting for 20 seconds...
2025-09-15 11:56:58,205 - ERROR - An unexpected error occurred: 'Namespace' object has no attribute 'sport_id'
Traceback (most recent call last):
  File "D:\Scraping\1xbetScraping\live_updater.py", line 112, in <module>
    if args.sport_id:
AttributeError: 'Namespace' object has no attribute 'sport_id'
2025-09-15 11:56:58,205 - INFO - Waiting for 20 seconds...
2025-09-15 11:57:38,732 - INFO - Fetching live data for all sports...
2025-09-15 11:57:39,892 - INFO - Found 45 live games. Processing...
2025-09-15 11:57:39,894 - INFO - Successfully updated 'live_sports_database.json'.
2025-09-15 11:57:39,894 - INFO - Waiting for 20 seconds...
2025-09-15 11:57:59,902 - INFO - Fetching live data for all sports...
2025-09-15 11:58:00,359 - INFO - Found 46 live games. Processing...
2025-09-15 11:58:00,361 - INFO - Successfully updated 'live_sports_database.json'.
2025-09-15 11:58:00,362 - INFO - Waiting for 20 seconds...
2025-09-15 11:58:16,032 - INFO - Fetching live data for Sport ID: 66...
2025-09-15 11:58:16,954 - ERROR - HTTP Error: 406. The API might be temporarily down or blocking.
2025-09-15 11:58:16,954 - INFO - Waiting for 20 seconds...
2025-09-15 11:58:36,959 - INFO - Fetching live data for Sport ID: 66...
2025-09-15 11:58:37,299 - ERROR - HTTP Error: 406. The API might be temporarily down or blocking.
2025-09-15 11:58:37,299 - INFO - Waiting for 20 seconds...
2025-09-15 12:00:55,241 - INFO - Fetching live data for Sport ID: 66...
2025-09-15 12:00:56,166 - ERROR - HTTP Error: 406. Url: https://1xbet.com/LiveFeed/BestGamesExtVZip?count=50&lng=en&mode=4&country=19&sports=66 The API might be temporarily down or blocking.
2025-09-15 12:00:56,167 - INFO - Waiting for 20 seconds...
2025-09-15 12:01:16,181 - INFO - Fetching live data for Sport ID: 66...
2025-09-15 12:01:17,154 - ERROR - HTTP Error: 406. Url: https://1xbet.com/LiveFeed/BestGamesExtVZip?count=50&lng=en&mode=4&country=19&sports=66 The API might be temporarily down or blocking.
2025-09-15 12:01:17,154 - INFO - Waiting for 20 seconds...
2025-09-15 12:01:37,161 - INFO - Fetching live data for Sport ID: 66...
2025-09-15 12:01:37,511 - ERROR - HTTP Error: 406. Url: https://1xbet.com/LiveFeed/BestGamesExtVZip?count=50&lng=en&mode=4&country=19&sports=66 The API might be temporarily down or blocking.
2025-09-15 12:01:37,512 - INFO - Waiting for 20 seconds...
2025-09-15 12:01:57,525 - INFO - Fetching live data for Sport ID: 66...
2025-09-15 12:01:57,887 - ERROR - HTTP Error: 406. Url: https://1xbet.com/LiveFeed/BestGamesExtVZip?count=50&lng=en&mode=4&country=19&sports=66 The API might be temporarily down or blocking.
2025-09-15 12:01:57,887 - INFO - Waiting for 20 seconds...
2025-09-15 12:02:17,897 - INFO - Fetching live data for Sport ID: 66...
2025-09-15 12:02:18,255 - ERROR - HTTP Error: 406. Url: https://1xbet.com/LiveFeed/BestGamesExtVZip?count=50&lng=en&mode=4&country=19&sports=66 The API might be temporarily down or blocking.
2025-09-15 12:02:18,255 - INFO - Waiting for 20 seconds...
2025-09-15 12:02:38,270 - INFO - Fetching live data for Sport ID: 66...
2025-09-15 12:02:38,625 - ERROR - HTTP Error: 406. Url: https://1xbet.com/LiveFeed/BestGamesExtVZip?count=50&lng=en&mode=4&country=19&sports=66 The API might be temporarily down or blocking.
2025-09-15 12:02:38,626 - INFO - Waiting for 20 seconds...
2025-09-15 12:02:58,627 - INFO - Fetching live data for Sport ID: 66...
2025-09-15 12:02:58,981 - ERROR - HTTP Error: 406. Url: https://1xbet.com/LiveFeed/BestGamesExtVZip?count=50&lng=en&mode=4&country=19&sports=66 The API might be temporarily down or blocking.
2025-09-15 12:02:58,981 - INFO - Waiting for 20 seconds...
2025-09-15 12:03:18,986 - INFO - Fetching live data for Sport ID: 66...
2025-09-15 12:03:19,330 - ERROR - HTTP Error: 406. Url: https://1xbet.com/LiveFeed/BestGamesExtVZip?count=50&lng=en&mode=4&country=19&sports=66 The API might be temporarily down or blocking.
2025-09-15 12:03:19,330 - INFO - Waiting for 20 seconds...
2025-09-15 12:03:39,345 - INFO - Fetching live data for Sport ID: 66...
2025-09-15 12:03:40,309 - ERROR - HTTP Error: 406. Url: https://1xbet.com/LiveFeed/BestGamesExtVZip?count=50&lng=en&mode=4&country=19&sports=66 The API might be temporarily down or blocking.
2025-09-15 12:03:40,309 - INFO - Waiting for 20 seconds...
2025-09-15 12:04:00,322 - INFO - Fetching live data for Sport ID: 66...
2025-09-15 12:04:00,660 - ERROR - HTTP Error: 406. Url: https://1xbet.com/LiveFeed/BestGamesExtVZip?count=50&lng=en&mode=4&country=19&sports=66 The API might be temporarily down or blocking.
2025-09-15 12:04:00,660 - INFO - Waiting for 20 seconds...
2025-09-15 12:04:20,676 - INFO - Fetching live data for Sport ID: 66...
2025-09-15 12:04:21,013 - ERROR - HTTP Error: 406. Url: https://1xbet.com/LiveFeed/BestGamesExtVZip?count=50&lng=en&mode=4&country=19&sports=66 The API might be temporarily down or blocking.
2025-09-15 12:04:21,013 - INFO - Waiting for 20 seconds...
2025-09-15 12:04:41,016 - INFO - Fetching live data for Sport ID: 66...
2025-09-15 12:04:41,369 - ERROR - HTTP Error: 406. Url: https://1xbet.com/LiveFeed/BestGamesExtVZip?count=50&lng=en&mode=4&country=19&sports=66 The API might be temporarily down or blocking.
2025-09-15 12:04:41,370 - INFO - Waiting for 20 seconds...
2025-09-15 12:05:01,372 - INFO - Fetching live data for Sport ID: 66...
2025-09-15 12:05:01,956 - ERROR - HTTP Error: 406. Url: https://1xbet.com/LiveFeed/BestGamesExtVZip?count=50&lng=en&mode=4&country=19&sports=66 The API might be temporarily down or blocking.
2025-09-15 12:05:01,957 - INFO - Waiting for 20 seconds...
2025-09-15 12:05:21,964 - INFO - Fetching live data for Sport ID: 66...
2025-09-15 12:05:22,877 - ERROR - HTTP Error: 406. Url: https://1xbet.com/LiveFeed/BestGamesExtVZip?count=50&lng=en&mode=4&country=19&sports=66 The API might be temporarily down or blocking.
2025-09-15 12:05:22,878 - INFO - Waiting for 20 seconds...
2025-09-15 12:05:42,879 - INFO - Fetching live data for Sport ID: 66...
2025-09-15 12:05:43,910 - ERROR - HTTP Error: 406. Url: https://1xbet.com/LiveFeed/BestGamesExtVZip?count=50&lng=en&mode=4&country=19&sports=66 The API might be temporarily down or blocking.
2025-09-15 12:05:43,910 - INFO - Waiting for 20 seconds...
2025-09-15 12:06:03,915 - INFO - Fetching live data for Sport ID: 66...
2025-09-15 12:06:04,265 - ERROR - HTTP Error: 406. Url: https://1xbet.com/LiveFeed/BestGamesExtVZip?count=50&lng=en&mode=4&country=19&sports=66 The API might be temporarily down or blocking.
2025-09-15 12:06:04,265 - INFO - Waiting for 20 seconds...
2025-09-15 12:06:24,267 - INFO - Fetching live data for Sport ID: 66...
2025-09-15 12:06:24,628 - ERROR - HTTP Error: 406. Url: https://1xbet.com/LiveFeed/BestGamesExtVZip?count=50&lng=en&mode=4&country=19&sports=66 The API might be temporarily down or blocking.
2025-09-15 12:06:24,628 - INFO - Waiting for 20 seconds...
2025-09-15 12:06:44,636 - INFO - Fetching live data for Sport ID: 66...
2025-09-15 12:06:45,007 - ERROR - HTTP Error: 406. Url: https://1xbet.com/LiveFeed/BestGamesExtVZip?count=50&lng=en&mode=4&country=19&sports=66 The API might be temporarily down or blocking.
2025-09-15 12:06:45,007 - INFO - Waiting for 20 seconds...
2025-09-15 12:07:05,008 - INFO - Fetching live data for Sport ID: 66...
2025-09-15 12:07:05,961 - ERROR - HTTP Error: 406. Url: https://1xbet.com/LiveFeed/BestGamesExtVZip?count=50&lng=en&mode=4&country=19&sports=66 The API might be temporarily down or blocking.
2025-09-15 12:07:05,961 - INFO - Waiting for 20 seconds...
2025-09-15 12:07:25,967 - INFO - Fetching live data for Sport ID: 66...
2025-09-15 12:07:26,319 - ERROR - HTTP Error: 406. Url: https://1xbet.com/LiveFeed/BestGamesExtVZip?count=50&lng=en&mode=4&country=19&sports=66 The API might be temporarily down or blocking.
2025-09-15 12:07:26,320 - INFO - Waiting for 20 seconds...
2025-09-15 12:07:46,328 - INFO - Fetching live data for Sport ID: 66...
2025-09-15 12:07:46,695 - ERROR - HTTP Error: 406. Url: https://1xbet.com/LiveFeed/BestGamesExtVZip?count=50&lng=en&mode=4&country=19&sports=66 The API might be temporarily down or blocking.
2025-09-15 12:07:46,695 - INFO - Waiting for 20 seconds...
2025-09-15 12:08:06,697 - INFO - Fetching live data for Sport ID: 66...
2025-09-15 12:08:07,064 - ERROR - HTTP Error: 406. Url: https://1xbet.com/LiveFeed/BestGamesExtVZip?count=50&lng=en&mode=4&country=19&sports=66 The API might be temporarily down or blocking.
2025-09-15 12:08:07,064 - INFO - Waiting for 20 seconds...
2025-09-15 12:08:27,078 - INFO - Fetching live data for Sport ID: 66...
2025-09-15 12:08:27,438 - ERROR - HTTP Error: 406. Url: https://1xbet.com/LiveFeed/BestGamesExtVZip?count=50&lng=en&mode=4&country=19&sports=66 The API might be temporarily down or blocking.
2025-09-15 12:08:27,439 - INFO - Waiting for 20 seconds...
2025-09-15 12:08:47,440 - INFO - Fetching live data for Sport ID: 66...
2025-09-15 12:08:47,786 - ERROR - HTTP Error: 406. Url: https://1xbet.com/LiveFeed/BestGamesExtVZip?count=50&lng=en&mode=4&country=19&sports=66 The API might be temporarily down or blocking.
2025-09-15 12:08:47,786 - INFO - Waiting for 20 seconds...
2025-09-15 12:09:07,507 - INFO - Fetching live data for Sport ID: 66...
2025-09-15 12:09:07,894 - INFO - Found 18 live games. Processing...
2025-09-15 12:09:07,895 - INFO - Successfully updated 'live_sports_database.json'.
2025-09-15 12:09:07,895 - INFO - Waiting for 20 seconds...
2025-09-15 12:09:27,907 - INFO - Fetching live data for Sport ID: 66...
2025-09-15 12:09:28,952 - INFO - Found 18 live games. Processing...
2025-09-15 12:09:28,953 - INFO - Successfully updated 'live_sports_database.json'.
2025-09-15 12:09:28,953 - INFO - Waiting for 20 seconds...
2025-09-15 16:39:03,027 - INFO - Fetching live data for all sports...
2025-09-15 16:39:04,016 - INFO - Found 47 live games. Processing...
2025-09-15 16:39:04,027 - INFO - Successfully updated 'live_sports_database.json'.
2025-09-15 16:39:04,027 - INFO - Waiting for 20 seconds...
2025-09-15 16:39:24,028 - INFO - Fetching live data for all sports...
2025-09-15 16:39:25,355 - INFO - Found 47 live games. Processing...
2025-09-15 16:39:25,357 - INFO - Successfully updated 'live_sports_database.json'.
2025-09-15 16:39:25,357 - INFO - Waiting for 20 seconds...
